d:\escritorio\ciclos\3er ciclo\cursos\progra ii\trabajos grupal\1_semana14-tb final\tb final\tf_version3\1\tfg1\tfg1\x64\debug\vc143.pdb
d:\escritorio\ciclos\3er ciclo\cursos\progra ii\trabajos grupal\1_semana14-tb final\tb final\tf_version3\1\tfg1\tfg1\x64\debug\.netframework,version=v4.7.2.assemblyattributes.obj
d:\escritorio\ciclos\3er ciclo\cursos\progra ii\trabajos grupal\1_semana14-tb final\tb final\tf_version3\1\tfg1\tfg1\x64\debug\frmwin.obj
d:\escritorio\ciclos\3er ciclo\cursos\progra ii\trabajos grupal\1_semana14-tb final\tb final\tf_version3\1\tfg1\tfg1\x64\debug\frmmainmenu.obj
d:\escritorio\ciclos\3er ciclo\cursos\progra ii\trabajos grupal\1_semana14-tb final\tb final\tf_version3\1\tfg1\tfg1\x64\debug\frmlvl2.obj
d:\escritorio\ciclos\3er ciclo\cursos\progra ii\trabajos grupal\1_semana14-tb final\tb final\tf_version3\1\tfg1\tfg1\x64\debug\frmlvl1.obj
d:\escritorio\ciclos\3er ciclo\cursos\progra ii\trabajos grupal\1_semana14-tb final\tb final\tf_version3\1\tfg1\tfg1\x64\debug\frmlose.obj
d:\escritorio\ciclos\3er ciclo\cursos\progra ii\trabajos grupal\1_semana14-tb final\tb final\tf_version3\1\tfg1\tfg1\x64\debug\frminstructions.obj
d:\escritorio\ciclos\3er ciclo\cursos\progra ii\trabajos grupal\1_semana14-tb final\tb final\tf_version3\1\tfg1\x64\debug\tfg1.exe
d:\escritorio\ciclos\3er ciclo\cursos\progra ii\trabajos grupal\1_semana14-tb final\tb final\tf_version3\1\tfg1\x64\debug\tfg1.pdb
d:\escritorio\ciclos\3er ciclo\cursos\progra ii\trabajos grupal\1_semana14-tb final\tb final\tf_version3\1\tfg1\tfg1\x64\debug\tfg1.tlog\cl.command.1.tlog
d:\escritorio\ciclos\3er ciclo\cursos\progra ii\trabajos grupal\1_semana14-tb final\tb final\tf_version3\1\tfg1\tfg1\x64\debug\tfg1.tlog\cl.read.1.tlog
d:\escritorio\ciclos\3er ciclo\cursos\progra ii\trabajos grupal\1_semana14-tb final\tb final\tf_version3\1\tfg1\tfg1\x64\debug\tfg1.tlog\cl.write.1.tlog
d:\escritorio\ciclos\3er ciclo\cursos\progra ii\trabajos grupal\1_semana14-tb final\tb final\tf_version3\1\tfg1\tfg1\x64\debug\tfg1.tlog\link.command.1.tlog
d:\escritorio\ciclos\3er ciclo\cursos\progra ii\trabajos grupal\1_semana14-tb final\tb final\tf_version3\1\tfg1\tfg1\x64\debug\tfg1.tlog\link.read.1.tlog
d:\escritorio\ciclos\3er ciclo\cursos\progra ii\trabajos grupal\1_semana14-tb final\tb final\tf_version3\1\tfg1\tfg1\x64\debug\tfg1.tlog\link.write.1.tlog
d:\escritorio\ciclos\3er ciclo\cursos\progra ii\trabajos grupal\1_semana14-tb final\tb final\tf_version3\1\tfg1\tfg1\x64\debug\tfg1.tlog\metagen.read.1.tlog
d:\escritorio\ciclos\3er ciclo\cursos\progra ii\trabajos grupal\1_semana14-tb final\tb final\tf_version3\1\tfg1\tfg1\x64\debug\tfg1.tlog\metagen.write.1.tlog
d:\escritorio\ciclos\3er ciclo\cursos\progra ii\trabajos grupal\1_semana14-tb final\tb final\tf_version3\1\tfg1\tfg1\x64\debug\tfg1.tlog\resgen.command.1.tlog
d:\escritorio\ciclos\3er ciclo\cursos\progra ii\trabajos grupal\1_semana14-tb final\tb final\tf_version3\1\tfg1\tfg1\x64\debug\tfg1.tlog\resgen.read.1.tlog
d:\escritorio\ciclos\3er ciclo\cursos\progra ii\trabajos grupal\1_semana14-tb final\tb final\tf_version3\1\tfg1\tfg1\x64\debug\tfg1.tlog\resgen.write.1.tlog
